example/build/app/intermediates/manifest_merge_blame_file/debug/manifest-merger-blame-debug-report.txt
1<?xml version="1.0" encoding="utf-8"?>
2<manifest xmlns:android="http://schemas.android.com/apk/res/android"
3    package="jp.uradio.umesse"
4    android:versionCode="1"
5    android:versionName="0.0.0" >
6
7    <uses-sdk
8        android:minSdkVersion="26"
9        android:targetSdkVersion="28" />
10    <!--
11         Flutter needs it to communicate with the running application
12         to allow setting breakpoints, to provide hot reload, etc.
13    -->
14    <uses-permission android:name="android.permission.INTERNET" />
14-->src\debug\AndroidManifest.xml:6:5-66
14-->src\debug\AndroidManifest.xml:6:22-64
15    <!--
16     io.flutter.app.FlutterApplication is an android.app.Application that
17         calls FlutterMain.startInitialization(this); in its onCreate method.
18         In most cases you can leave this as-is, but you if you want to provide
19         additional functionality it is fine to subclass or reimplement
20         FlutterApplication and put your custom class here.
21    -->
22    <uses-permission android:name="android.permission.RECORD_AUDIO" />
22-->src\main\AndroidManifest.xml:8:5-71
22-->src\main\AndroidManifest.xml:8:22-68
23    <uses-permission android:name="android.permission.WRITE_EXTERNAL_STORAGE" />
23-->src\main\AndroidManifest.xml:9:5-81
23-->src\main\AndroidManifest.xml:9:22-78
24    <uses-permission android:name="android.permission.FOREGROUND_SERVICE" />
24-->[:assets_audio_player] AndroidManifest.xml:7:5-77
24-->[:assets_audio_player] AndroidManifest.xml:7:22-74
25    <uses-permission android:name="android.permission.VIBRATE" />
25-->[:assets_audio_player] AndroidManifest.xml:8:5-66
25-->[:assets_audio_player] AndroidManifest.xml:8:22-63
26    <uses-permission android:name="android.permission.WAKE_LOCK" />
26-->[:assets_audio_player] AndroidManifest.xml:9:5-68
26-->[:assets_audio_player] AndroidManifest.xml:9:22-65
27    <uses-permission android:name="android.permission.ACCESS_NETWORK_STATE" />
27-->[com.google.android.exoplayer:exoplayer-core:2.11.4] AndroidManifest.xml:24:5-79
27-->[com.google.android.exoplayer:exoplayer-core:2.11.4] AndroidManifest.xml:24:22-76
28
29    <application
29-->src\main\AndroidManifest.xml:10:5-48:19
30        android:name="io.flutter.app.FlutterApplication"
30-->src\main\AndroidManifest.xml:11:9-57
31        android:appComponentFactory="androidx.core.app.CoreComponentFactory"
31-->[androidx.core:core:1.1.0] AndroidManifest.xml:24:18-86
32        android:debuggable="true"
33        android:icon="@mipmap/ic_launcher"
33-->src\main\AndroidManifest.xml:13:9-43
34        android:label="demo" >
34-->src\main\AndroidManifest.xml:12:9-29
35        <activity
35-->src\main\AndroidManifest.xml:14:9-42:20
36            android:name="com.example.demo.MainActivity"
36-->src\main\AndroidManifest.xml:15:13-41
37            android:configChanges="orientation|keyboardHidden|keyboard|screenSize|smallestScreenSize|locale|layoutDirection|fontScale|screenLayout|density|uiMode"
37-->src\main\AndroidManifest.xml:18:13-163
38            android:hardwareAccelerated="true"
38-->src\main\AndroidManifest.xml:19:13-47
39            android:launchMode="singleTop"
39-->src\main\AndroidManifest.xml:16:13-43
40            android:theme="@style/LaunchTheme"
40-->src\main\AndroidManifest.xml:17:13-47
41            android:windowSoftInputMode="adjustResize" >
41-->src\main\AndroidManifest.xml:20:13-55
42
43            <!--
44                 Specifies an Android theme to apply to this Activity as soon as
45                 the Android process has started. This theme is visible to the user
46                 while the Flutter UI initializes. After that, this theme continues
47                 to determine the Window background behind the Flutter UI.
48            -->
49            <meta-data
49-->src\main\AndroidManifest.xml:25:13-28:17
50                android:name="io.flutter.embedding.android.NormalTheme"
50-->src\main\AndroidManifest.xml:26:15-70
51                android:resource="@style/NormalTheme" />
51-->src\main\AndroidManifest.xml:27:15-52
52            <!--
53                 Displays an Android View that continues showing the launch screen
54                 Drawable until Flutter paints its first frame, then this splash
55                 screen fades out. A splash screen is useful to avoid any visual
56                 gap between the end of Android's launch screen and the painting of
57                 Flutter's first frame.
58            -->
59            <meta-data
59-->src\main\AndroidManifest.xml:34:13-37:17
60                android:name="io.flutter.embedding.android.SplashScreenDrawable"
60-->src\main\AndroidManifest.xml:35:15-79
61                android:resource="@drawable/launch_background" />
61-->src\main\AndroidManifest.xml:36:15-61
62
63            <intent-filter>
63-->src\main\AndroidManifest.xml:38:13-41:29
64                <action android:name="android.intent.action.MAIN" />
64-->src\main\AndroidManifest.xml:39:17-68
64-->src\main\AndroidManifest.xml:39:25-66
65
66                <category android:name="android.intent.category.LAUNCHER" />
66-->src\main\AndroidManifest.xml:40:17-76
66-->src\main\AndroidManifest.xml:40:27-74
67            </intent-filter>
68        </activity>
69        <!--
70             Don't delete the meta-data below.
71             This is used by the Flutter tool to generate GeneratedPluginRegistrant.java
72        -->
73        <meta-data
73-->src\main\AndroidManifest.xml:45:9-47:33
74            android:name="flutterEmbedding"
74-->src\main\AndroidManifest.xml:46:13-44
75            android:value="2" />
75-->src\main\AndroidManifest.xml:47:13-30
76
77        <receiver android:name="com.github.florent37.assets_audio_player.notification.NotificationActionReceiver" />
77-->[:assets_audio_player] AndroidManifest.xml:12:9-117
77-->[:assets_audio_player] AndroidManifest.xml:12:19-114
78        <receiver android:name="androidx.media.session.MediaButtonReceiver" >
78-->[:assets_audio_player] AndroidManifest.xml:13:9-17:20
78-->[:assets_audio_player] AndroidManifest.xml:13:19-76
79            <intent-filter>
79-->[:assets_audio_player] AndroidManifest.xml:14:13-16:29
80                <action android:name="android.intent.action.MEDIA_BUTTON" />
80-->[:assets_audio_player] AndroidManifest.xml:15:17-77
80-->[:assets_audio_player] AndroidManifest.xml:15:25-74
81            </intent-filter>
82            <intent-filter>
82-->[:flutter_sound] AndroidManifest.xml:11:13-14:29
83                <action android:name="android.intent.action.MEDIA_BUTTON" />
83-->[:assets_audio_player] AndroidManifest.xml:15:17-77
83-->[:assets_audio_player] AndroidManifest.xml:15:25-74
84                <action android:name="android.media.AUDIO_BECOMING_NOISY" />
84-->[:flutter_sound] AndroidManifest.xml:13:17-77
84-->[:flutter_sound] AndroidManifest.xml:13:25-74
85            </intent-filter>
86        </receiver>
87
88        <service
88-->[:assets_audio_player] AndroidManifest.xml:19:9-26:19
89            android:name="com.github.florent37.assets_audio_player.notification.NotificationService"
89-->[:assets_audio_player] AndroidManifest.xml:20:13-101
90            android:enabled="true"
90-->[:assets_audio_player] AndroidManifest.xml:21:13-35
91            android:exported="true" >
91-->[:assets_audio_player] AndroidManifest.xml:22:13-36
92            <intent-filter>
92-->[:assets_audio_player] AndroidManifest.xml:14:13-16:29
93                <action android:name="android.intent.action.MEDIA_BUTTON" />
93-->[:assets_audio_player] AndroidManifest.xml:15:17-77
93-->[:assets_audio_player] AndroidManifest.xml:15:25-74
94            </intent-filter>
95        </service>
96        <service android:name="com.dooboolab.fluttersound.BackgroundAudioService" >
96-->[:flutter_sound] AndroidManifest.xml:17:9-23:19
96-->[:flutter_sound] AndroidManifest.xml:17:18-82
97            <intent-filter>
97-->[:flutter_sound] AndroidManifest.xml:18:13-22:29
98                <action android:name="android.intent.action.MEDIA_BUTTON" />
98-->[:assets_audio_player] AndroidManifest.xml:15:17-77
98-->[:assets_audio_player] AndroidManifest.xml:15:25-74
99                <action android:name="android.media.AUDIO_BECOMING_NOISY" />
99-->[:flutter_sound] AndroidManifest.xml:13:17-77
99-->[:flutter_sound] AndroidManifest.xml:13:25-74
100                <action android:name="android.media.browse.MediaBrowserService" />
100-->[:flutter_sound] AndroidManifest.xml:21:17-83
100-->[:flutter_sound] AndroidManifest.xml:21:25-80
101            </intent-filter>
102        </service>
103    </application>
104
105</manifest>